<?xml version="1.0" encoding="UTF-8"?>
<!-- Generated by org.testng.reporters.JUnitXMLReporter -->
<testsuite ignored="25" hostname="serahate-4S6RKN3" failures="1" tests="2" name="CustomTest" time="100.485" errors="0" timestamp="2024-02-22T15:40:53 IST">
  <testcase classname="ABase_Class.ANewParentClass" name="testAUB" time="83.974"/>
  <testcase classname="ABase_Class.ANewParentClass" name="testBPI" time="2.695">
    <failure type="java.lang.AssertionError" message="TEST CASE IS FAILED BECAUSE BALANCE IS BELOW THRESHOLD BALANCE FOR BPI-USD">
      <![CDATA[java.lang.AssertionError: TEST CASE IS FAILED BECAUSE BALANCE IS BELOW THRESHOLD BALANCE FOR BPI-USD
at ABase_Class.AAssistant.VostroCheckCompare2Currency(AAssistant.java:248)
at ABase_Class.ANewParentClass.testBPI(ANewParentClass.java:282)
at java.base/java.util.ArrayList.forEach(ArrayList.java:1511)
... Removed 28 stack frames]]>
    </failure>
  </testcase> <!-- testBPI -->
  <testcase classname="ABase_Class.ANewParentClass" name="testFBL" time="0.0">
    <ignored/>
  </testcase> <!-- testFBL -->
  <testcase classname="ABase_Class.ANewParentClass" name="testHDFC" time="0.0">
    <ignored/>
  </testcase> <!-- testHDFC -->
  <testcase classname="ABase_Class.ANewParentClass" name="testPB" time="0.0">
    <ignored/>
  </testcase> <!-- testPB -->
  <testcase classname="ABase_Class.ANewParentClass" name="testUBL" time="0.0">
    <ignored/>
  </testcase> <!-- testUBL -->
  <testcase classname="ABase_Class.ANewParentClass" name="testAJWB" time="0.0">
    <ignored/>
  </testcase> <!-- testAJWB -->
  <testcase classname="ABase_Class.ANewParentClass" name="testSBL" time="0.0">
    <ignored/>
  </testcase> <!-- testSBL -->
  <testcase classname="ABase_Class.ANewParentClass" name="testMBTC" time="0.0">
    <ignored/>
  </testcase> <!-- testMBTC -->
  <testcase classname="ABase_Class.ANewParentClass" name="testPNB" time="0.0">
    <ignored/>
  </testcase> <!-- testPNB -->
  <testcase classname="ABase_Class.ANewParentClass" name="testHBTF" time="0.0">
    <ignored/>
  </testcase> <!-- testHBTF -->
  <testcase classname="ABase_Class.ANewParentClass" name="testGIBL" time="0.0">
    <ignored/>
  </testcase> <!-- testGIBL -->
  <testcase classname="ABase_Class.ANewParentClass" name="testABLPAK" time="0.0">
    <ignored/>
  </testcase> <!-- testABLPAK -->
  <testcase classname="ABase_Class.ANewParentClass" name="testBAHL" time="0.0">
    <ignored/>
  </testcase> <!-- testBAHL -->
  <testcase classname="ABase_Class.ANewParentClass" name="testICICI" time="0.0">
    <ignored/>
  </testcase> <!-- testICICI -->
  <testcase classname="ABase_Class.ANewParentClass" name="testBDO" time="0.0">
    <ignored/>
  </testcase> <!-- testBDO -->
  <testcase classname="ABase_Class.ANewParentClass" name="testIBBL" time="0.0">
    <ignored/>
  </testcase> <!-- testIBBL -->
  <testcase classname="ABase_Class.ANewParentClass" name="testSBI" time="0.0">
    <ignored/>
  </testcase> <!-- testSBI -->
  <testcase classname="ABase_Class.ANewParentClass" name="testBM" time="0.0">
    <ignored/>
  </testcase> <!-- testBM -->
  <testcase classname="ABase_Class.ANewParentClass" name="testSEBL" time="0.0">
    <ignored/>
  </testcase> <!-- testSEBL -->
  <testcase classname="ABase_Class.ANewParentClass" name="testBCA" time="0.0">
    <ignored/>
  </testcase> <!-- testBCA -->
  <testcase classname="ABase_Class.ANewParentClass" name="testBNI" time="0.0">
    <ignored/>
  </testcase> <!-- testBNI -->
  <testcase classname="ABase_Class.ANewParentClass" name="testBRI" time="0.0">
    <ignored/>
  </testcase> <!-- testBRI -->
  <testcase classname="ABase_Class.ANewParentClass" name="testSAMPATH" time="0.0">
    <ignored/>
  </testcase> <!-- testSAMPATH -->
  <testcase classname="ABase_Class.ANewParentClass" name="testHABIB" time="0.0">
    <ignored/>
  </testcase> <!-- testHABIB -->
  <testcase classname="ABase_Class.ANewParentClass" name="testJBL" time="0.0">
    <ignored/>
  </testcase> <!-- testJBL -->
  <testcase classname="ABase_Class.ANewParentClass" name="testMCB" time="0.0">
    <ignored/>
  </testcase> <!-- testMCB -->
</testsuite> <!-- CustomTest -->
