<?xml version="1.0" encoding="UTF-8"?>
<!-- Generated by org.testng.reporters.JUnitXMLReporter -->
<testsuite ignored="0" hostname="serahate-4S6RKN3" failures="0" tests="27" name="Test" time="306.238" errors="0" timestamp="2024-02-12T11:44:33 IST">
  <testcase classname="ABase_Class.ANewParentClass" name="testABLPAK" time="4.778"/>
  <testcase classname="ABase_Class.ANewParentClass" name="testAUB" time="141.93"/>
  <testcase classname="ABase_Class.ANewParentClass" name="testAJWB" time="1.346"/>
  <testcase classname="ABase_Class.ANewParentClass" name="testBAHL" time="1.267"/>
  <testcase classname="ABase_Class.ANewParentClass" name="testBPI" time="2.419"/>
  <testcase classname="ABase_Class.ANewParentClass" name="testBCA" time="2.433"/>
  <testcase classname="ABase_Class.ANewParentClass" name="testBDO" time="2.401"/>
  <testcase classname="ABase_Class.ANewParentClass" name="testBRI" time="14.615"/>
  <testcase classname="ABase_Class.ANewParentClass" name="testGIBL" time="26.711"/>
  <testcase classname="ABase_Class.ANewParentClass" name="testHABIB" time="13.32"/>
  <testcase classname="ABase_Class.ANewParentClass" name="testHDFC" time="28.133"/>
  <testcase classname="ABase_Class.ANewParentClass" name="testHBTF" time="13.529"/>
  <testcase classname="ABase_Class.ANewParentClass" name="testICICI" time="13.143"/>
  <testcase classname="ABase_Class.ANewParentClass" name="testIBBL" time="1.237"/>
  <testcase classname="ABase_Class.ANewParentClass" name="testJBL" time="1.271"/>
  <testcase classname="ABase_Class.ANewParentClass" name="testMBTC" time="2.446"/>
  <testcase classname="ABase_Class.ANewParentClass" name="testMCB" time="1.325"/>
  <testcase classname="ABase_Class.ANewParentClass" name="testBNI" time="2.401"/>
  <testcase classname="ABase_Class.ANewParentClass" name="testPB" time="1.284"/>
  <testcase classname="ABase_Class.ANewParentClass" name="testPNB" time="2.381"/>
  <testcase classname="ABase_Class.ANewParentClass" name="testSAMPATH" time="2.414"/>
  <testcase classname="ABase_Class.ANewParentClass" name="testSBL" time="1.318"/>
  <testcase classname="ABase_Class.ANewParentClass" name="testSEBL" time="1.252"/>
  <testcase classname="ABase_Class.ANewParentClass" name="testSBI" time="1.276"/>
  <testcase classname="ABase_Class.ANewParentClass" name="testFBL" time="1.257"/>
  <testcase classname="ABase_Class.ANewParentClass" name="testUBL" time="1.278"/>
  <testcase classname="ABase_Class.ANewParentClass" name="testBM" time="1.264"/>
</testsuite> <!-- Test -->
