<?xml version="1.0" encoding="UTF-8"?>
<!-- Generated by org.testng.reporters.JUnitXMLReporter -->
<testsuite ignored="26" hostname="serahate-4S6RKN3" failures="0" tests="1" name="Default test(failed)(failed)" time="25.731" errors="0" timestamp="2024-02-08T13:56:59 IST">
  <testcase classname="Base_Class.NewParentClass" name="testABLPAK" time="6.853"/>
  <testcase classname="Base_Class.NewParentClass" name="testBCA" time="0.0">
    <ignored/>
  </testcase> <!-- testBCA -->
  <testcase classname="Base_Class.NewParentClass" name="testBPI" time="0.0">
    <ignored/>
  </testcase> <!-- testBPI -->
  <testcase classname="Base_Class.NewParentClass" name="testBNI" time="0.0">
    <ignored/>
  </testcase> <!-- testBNI -->
  <testcase classname="Base_Class.NewParentClass" name="testSEBL" time="0.0">
    <ignored/>
  </testcase> <!-- testSEBL -->
  <testcase classname="Base_Class.NewParentClass" name="testHDFC" time="0.0">
    <ignored/>
  </testcase> <!-- testHDFC -->
  <testcase classname="Base_Class.NewParentClass" name="testFBL" time="0.0">
    <ignored/>
  </testcase> <!-- testFBL -->
  <testcase classname="Base_Class.NewParentClass" name="testSBI" time="0.0">
    <ignored/>
  </testcase> <!-- testSBI -->
  <testcase classname="Base_Class.NewParentClass" name="testMCB" time="0.0">
    <ignored/>
  </testcase> <!-- testMCB -->
  <testcase classname="Base_Class.NewParentClass" name="testMBTC" time="0.0">
    <ignored/>
  </testcase> <!-- testMBTC -->
  <testcase classname="Base_Class.NewParentClass" name="testPB" time="0.0">
    <ignored/>
  </testcase> <!-- testPB -->
  <testcase classname="Base_Class.NewParentClass" name="testBDO" time="0.0">
    <ignored/>
  </testcase> <!-- testBDO -->
  <testcase classname="Base_Class.NewParentClass" name="testIBBL" time="0.0">
    <ignored/>
  </testcase> <!-- testIBBL -->
  <testcase classname="Base_Class.NewParentClass" name="testGIBL" time="0.0">
    <ignored/>
  </testcase> <!-- testGIBL -->
  <testcase classname="Base_Class.NewParentClass" name="testAJWB" time="0.0">
    <ignored/>
  </testcase> <!-- testAJWB -->
  <testcase classname="Base_Class.NewParentClass" name="testHBTF" time="0.0">
    <ignored/>
  </testcase> <!-- testHBTF -->
  <testcase classname="Base_Class.NewParentClass" name="testUBL" time="0.0">
    <ignored/>
  </testcase> <!-- testUBL -->
  <testcase classname="Base_Class.NewParentClass" name="testBAHL" time="0.0">
    <ignored/>
  </testcase> <!-- testBAHL -->
  <testcase classname="Base_Class.NewParentClass" name="testICICI" time="0.0">
    <ignored/>
  </testcase> <!-- testICICI -->
  <testcase classname="Base_Class.NewParentClass" name="testSBL" time="0.0">
    <ignored/>
  </testcase> <!-- testSBL -->
  <testcase classname="Base_Class.NewParentClass" name="testSAMPATH" time="0.0">
    <ignored/>
  </testcase> <!-- testSAMPATH -->
  <testcase classname="Base_Class.NewParentClass" name="testAUB" time="0.0">
    <ignored/>
  </testcase> <!-- testAUB -->
  <testcase classname="Base_Class.NewParentClass" name="testJBL" time="0.0">
    <ignored/>
  </testcase> <!-- testJBL -->
  <testcase classname="Base_Class.NewParentClass" name="testHABIB" time="0.0">
    <ignored/>
  </testcase> <!-- testHABIB -->
  <testcase classname="Base_Class.NewParentClass" name="testBRI" time="0.0">
    <ignored/>
  </testcase> <!-- testBRI -->
  <testcase classname="Base_Class.NewParentClass" name="testBM" time="0.0">
    <ignored/>
  </testcase> <!-- testBM -->
  <testcase classname="Base_Class.NewParentClass" name="testPNB" time="0.0">
    <ignored/>
  </testcase> <!-- testPNB -->
</testsuite> <!-- Default test(failed)(failed) -->
